[0mCompiling "target/cljsbuild/public/js/app.js" from ["src/cljs" "src/cljc" "env/dev/cljs"]...[0m
[32mSuccessfully compiled "target/cljsbuild/public/js/app.js" in 1.388 seconds.[0m
notifying browser that file changed:  target/cljsbuild/public/js/out/goog/deps.js
notifying browser that file changed:  target/cljsbuild/public/js/out/cljs_deps.js
notifying browser that file changed:  target/cljsbuild/public/js/out/dynamic_ranking/core.js
[0mCompiling "target/cljsbuild/public/js/app.js" from ["src/cljs" "src/cljc" "env/dev/cljs"]...[0m
[36m----  Compiler Warning on   src/cljs/dynamic_ranking/core.cljs   line:101  column:40  ----[0m

  [1mWrong number of args (1) passed to cljs.core/reset![0m

  [36m 97[0m  [36m(defonce init-timer (int (/ (int (js/Date.)) 1000)))[0m
  [36m 98[0m  [36m[0m
  [36m 99[0m  [36m(defonce timer init-timer)[0m
  [36m100[0m  [36m[0m
  [33m101[0m  [1m(defonce time-updater (js/setInterval #(reset! timer )))[0m
  [0m   [0m  [33m                                       ^--- Wrong number of args (1) passed to cljs.core/reset![0m

[36m----  Compiler Warning : Please see src/cljs/dynamic_ranking/core.cljs  ----[0m
[32mSuccessfully compiled "target/cljsbuild/public/js/app.js" in 1.517 seconds.[0m
notifying browser that file changed:  target/cljsbuild/public/js/out/dynamic_ranking/core.js
[0mCompiling "target/cljsbuild/public/js/app.js" from ["src/cljs" "src/cljc" "env/dev/cljs"]...[0m
[36m----  Compiler Warning on   src/cljs/dynamic_ranking/core.cljs   line:101  column:40  ----[0m

  [1mWrong number of args (1) passed to cljs.core/reset![0m

  [36m 97[0m  [36m(defonce init-timer (int (/ (int (js/Date.)) 1000)))[0m
  [36m 98[0m  [36m[0m
  [36m 99[0m  [36m(defonce timer (int (/ (int (js/Date.)) 1000)))[0m
  [36m100[0m  [36m[0m
  [33m101[0m  [1m(defonce time-updater (js/setInterval #(reset! timer )))[0m
  [0m   [0m  [33m                                       ^--- Wrong number of args (1) passed to cljs.core/reset![0m

[36m----  Compiler Warning : Please see src/cljs/dynamic_ranking/core.cljs  ----[0m
[32mSuccessfully compiled "target/cljsbuild/public/js/app.js" in 0.937 seconds.[0m
notifying browser that file changed:  target/cljsbuild/public/js/out/dynamic_ranking/core.js
[0mCompiling "target/cljsbuild/public/js/app.js" from ["src/cljs" "src/cljc" "env/dev/cljs"]...[0m
[32mSuccessfully compiled "target/cljsbuild/public/js/app.js" in 0.781 seconds.[0m
notifying browser that file changed:  target/cljsbuild/public/js/out/dynamic_ranking/core.js
[0mCompiling "target/cljsbuild/public/js/app.js" from ["src/cljs" "src/cljc" "env/dev/cljs"]...[0m
[32mSuccessfully compiled "target/cljsbuild/public/js/app.js" in 0.729 seconds.[0m
notifying browser that file changed:  target/cljsbuild/public/js/out/dynamic_ranking/core.js
[0mCompiling "target/cljsbuild/public/js/app.js" from ["src/cljs" "src/cljc" "env/dev/cljs"]...[0m
[32mSuccessfully compiled "target/cljsbuild/public/js/app.js" in 0.859 seconds.[0m
notifying browser that file changed:  target/cljsbuild/public/js/out/dynamic_ranking/core.js
[0mCompiling "target/cljsbuild/public/js/app.js" from ["src/cljs" "src/cljc" "env/dev/cljs"]...[0m
[32mSuccessfully compiled "target/cljsbuild/public/js/app.js" in 0.65 seconds.[0m
notifying browser that file changed:  target/cljsbuild/public/js/out/dynamic_ranking/core.js
[0mCompiling "target/cljsbuild/public/js/app.js" from ["src/cljs" "src/cljc" "env/dev/cljs"]...[0m
[32mSuccessfully compiled "target/cljsbuild/public/js/app.js" in 0.764 seconds.[0m
notifying browser that file changed:  target/cljsbuild/public/js/out/dynamic_ranking/core.js
[0mCompiling "target/cljsbuild/public/js/app.js" from ["src/cljs" "src/cljc" "env/dev/cljs"]...[0m
[32mSuccessfully compiled "target/cljsbuild/public/js/app.js" in 0.605 seconds.[0m
notifying browser that file changed:  target/cljsbuild/public/js/out/dynamic_ranking/core.js
[0mCompiling "target/cljsbuild/public/js/app.js" from ["src/cljs" "src/cljc" "env/dev/cljs"]...[0m
[31mFailed to compile "target/cljsbuild/public/js/app.js" in 0.426 seconds.[0m
[36m----  Could not Analyze  src/cljs/dynamic_ranking/core.cljs   line:47  column:1  ----[0m

  [1mUnable to resolve var: chart-page in this context at line 47 /Users/yuzhao/gits/luminus-projects/dynamic-ranking/src/cljs/dynamic_ranking/core.cljs[0m

  [36m45[0m  [36m             {:__html (md->html docs)}}]])])[0m
  [36m46[0m  [36m[0m
  [33m47[0m  [1m(def pages[0m
  [0m  [0m  [33m^--- Unable to resolve var: chart-page in this context at line 47 /Users/yuzhao/gits/luminus-projects/dynamic-ranking/src/cljs/dynamic_ranking/core.cljs[0m
  [36m48[0m  [36m  {:home  #'home-page[0m
  [36m49[0m  [36m   :about #'about-page[0m
  [36m50[0m  [36m   :chart #'chart-page})[0m

[36m----  Analysis Error : Please see src/cljs/dynamic_ranking/core.cljs  ----[0m
[0mCompiling "target/cljsbuild/public/js/app.js" from ["src/cljs" "src/cljc" "env/dev/cljs"]...[0m
[36m----  Compiler Warning on   src/cljs/dynamic_ranking/core.cljs   line:50  column:6  ----[0m

  [1mUse of undeclared Var dynamic-ranking.core/chart[0m

  [36m47[0m  [36m(defn chart-page [][0m
  [36m48[0m  [36m  [:div.container[0m
  [36m49[0m  [36m   [:div.chart[0m
  [33m50[0m  [1m    (chart)]])[0m
  [0m  [0m  [33m     ^--- Use of undeclared Var dynamic-ranking.core/chart[0m
  [36m51[0m  [36m[0m
  [36m52[0m  [36m(def pages[0m
  [36m53[0m  [36m  {:home  #'home-page[0m
  [36m54[0m  [36m   :about #'about-page[0m
  [36m55[0m  [36m   :chart #'chart-page})[0m

[36m----  Compiler Warning : Please see src/cljs/dynamic_ranking/core.cljs  ----[0m
[32mSuccessfully compiled "target/cljsbuild/public/js/app.js" in 0.823 seconds.[0m
notifying browser that file changed:  target/cljsbuild/public/js/out/dynamic_ranking/core.js
[0mCompiling "target/cljsbuild/public/js/app.js" from ["src/cljs" "src/cljc" "env/dev/cljs"]...[0m
[36m----  Compiler Warning on   src/cljs/dynamic_ranking/core.cljs   line:50  column:6  ----[0m

  [1mUse of undeclared Var dynamic-ranking.core/chart[0m

  [36m47[0m  [36m(defn chart-page [][0m
  [36m48[0m  [36m  [:div.container[0m
  [36m49[0m  [36m   [:div.chart[0m
  [33m50[0m  [1m    [chart]]])[0m
  [0m  [0m  [33m     ^--- Use of undeclared Var dynamic-ranking.core/chart[0m
  [36m51[0m  [36m[0m
  [36m52[0m  [36m(def pages[0m
  [36m53[0m  [36m  {:home  #'home-page[0m
  [36m54[0m  [36m   :about #'about-page[0m
  [36m55[0m  [36m   :chart #'chart-page})[0m

[36m----  Compiler Warning : Please see src/cljs/dynamic_ranking/core.cljs  ----[0m
[32mSuccessfully compiled "target/cljsbuild/public/js/app.js" in 0.641 seconds.[0m
notifying browser that file changed:  target/cljsbuild/public/js/out/dynamic_ranking/core.js
[0mCompiling "target/cljsbuild/public/js/app.js" from ["src/cljs" "src/cljc" "env/dev/cljs"]...[0m
[36m----  Compiler Warning on   src/cljs/dynamic_ranking/core.cljs   line:50  column:6  ----[0m

  [1mUse of undeclared Var dynamic-ranking.core/chart[0m

  [36m47[0m  [36m(defn chart-page [][0m
  [36m48[0m  [36m  [:div.container[0m
  [36m49[0m  [36m   [:div.chart[0m
  [33m50[0m  [1m    [chart]]])[0m
  [0m  [0m  [33m     ^--- Use of undeclared Var dynamic-ranking.core/chart[0m
  [36m51[0m  [36m[0m
  [36m52[0m  [36m(def pages[0m
  [36m53[0m  [36m  {:home  #'home-page[0m
  [36m54[0m  [36m   :about #'about-page[0m
  [36m55[0m  [36m   :chart #'chart-page})[0m

[36m----  Compiler Warning : Please see src/cljs/dynamic_ranking/core.cljs  ----[0m
[32mSuccessfully compiled "target/cljsbuild/public/js/app.js" in 0.717 seconds.[0m
notifying browser that file changed:  target/cljsbuild/public/js/out/dynamic_ranking/handlers.js
[0mCompiling "target/cljsbuild/public/js/app.js" from ["src/cljs" "src/cljc" "env/dev/cljs"]...[0m
[36m----  Compiler Warning on   src/cljs/dynamic_ranking/core.cljs   line:50  column:6  ----[0m

  [1mUse of undeclared Var dynamic-ranking.core/chart[0m

  [36m47[0m  [36m(defn chart-page [][0m
  [36m48[0m  [36m  [:div.container[0m
  [36m49[0m  [36m   [:div.chart[0m
  [33m50[0m  [1m    [chart]]])[0m
  [0m  [0m  [33m     ^--- Use of undeclared Var dynamic-ranking.core/chart[0m
  [36m51[0m  [36m[0m
  [36m52[0m  [36m(def pages[0m
  [36m53[0m  [36m  {:home  #'home-page[0m
  [36m54[0m  [36m   :about #'about-page[0m
  [36m55[0m  [36m   :chart #'chart-page})[0m

[36m----  Compiler Warning : Please see src/cljs/dynamic_ranking/core.cljs  ----[0m
[32mSuccessfully compiled "target/cljsbuild/public/js/app.js" in 0.708 seconds.[0m
notifying browser that file changed:  target/cljsbuild/public/js/out/cljs_deps.js
notifying browser that file changed:  target/cljsbuild/public/js/out/dynamic_ranking/db.js
[0mCompiling "target/cljsbuild/public/js/app.js" from ["src/cljs" "src/cljc" "env/dev/cljs"]...[0m
[36m----  Compiler Warning on   src/cljs/dynamic_ranking/core.cljs   line:107  column:24  ----[0m

  [1mUse of undeclared Var dynamic-ranking.core/init-timer[0m

  [36m103[0m  [36m;; -----[0m
  [36m104[0m  [36m;; initialize data[0m
  [36m105[0m  [36m(defonce ranks (repeatedly 1000 (partial shuffle (range 5))))[0m
  [36m106[0m  [36m[0m
  [33m107[0m  [1m(defonce timer (r/atom init-timer))[0m
  [0m   [0m  [33m                       ^--- Use of undeclared Var dynamic-ranking.core/init-timer[0m
  [36m108[0m  [36m[0m
  [36m109[0m  [36m(defonce time-updater[0m
  [36m110[0m  [36m  (js/setInterval[0m
  [36m111[0m  [36m   #(reset! timer[0m
  [36m112[0m  [36m            (int (/ (int (js/Date.)) 1000))) 1000))[0m

[36m----  Compiler Warning : Please see src/cljs/dynamic_ranking/core.cljs  ----[0m
[32mSuccessfully compiled "target/cljsbuild/public/js/app.js" in 1.63 seconds.[0m
notifying browser that file changed:  target/cljsbuild/public/js/out/dynamic_ranking/core.js
[0mCompiling "target/cljsbuild/public/js/app.js" from ["src/cljs" "src/cljc" "env/dev/cljs"]...[0m
[36m----  Compiler Warning on   src/cljs/dynamic_ranking/core.cljs   line:109  column:13  ----[0m

  [1mUse of undeclared Var dynamic-ranking.core/timer[0m

  [36m105[0m  [36m(defonce ranks (repeatedly 1000 (partial shuffle (range 5))))[0m
  [36m106[0m  [36m[0m
  [36m107[0m  [36m(defonce time-updater[0m
  [36m108[0m  [36m  (js/setInterval[0m
  [33m109[0m  [1m   #(reset! timer[0m
  [0m   [0m  [33m            ^--- Use of undeclared Var dynamic-ranking.core/timer[0m
  [36m110[0m  [36m            (int (/ (int (js/Date.)) 1000))) 1000))[0m

[36m----  Compiler Warning : Please see src/cljs/dynamic_ranking/core.cljs  ----[0m
[32mSuccessfully compiled "target/cljsbuild/public/js/app.js" in 0.751 seconds.[0m
notifying browser that file changed:  target/cljsbuild/public/js/out/dynamic_ranking/core.js
[0mCompiling "target/cljsbuild/public/js/app.js" from ["src/cljs" "src/cljc" "env/dev/cljs"]...[0m
[32mSuccessfully compiled "target/cljsbuild/public/js/app.js" in 0.616 seconds.[0m
notifying browser that file changed:  target/cljsbuild/public/js/out/dynamic_ranking/core.js
[0mCompiling "target/cljsbuild/public/js/app.js" from ["src/cljs" "src/cljc" "env/dev/cljs"]...[0m
[32mSuccessfully compiled "target/cljsbuild/public/js/app.js" in 0.534 seconds.[0m
notifying browser that file changed:  target/cljsbuild/public/js/out/dynamic_ranking/core.js
[0mCompiling "target/cljsbuild/public/js/app.js" from ["src/cljs" "src/cljc" "env/dev/cljs"]...[0m
[32mSuccessfully compiled "target/cljsbuild/public/js/app.js" in 0.648 seconds.[0m
notifying browser that file changed:  target/cljsbuild/public/js/out/dynamic_ranking/core.js
[0mCompiling "target/cljsbuild/public/js/app.js" from ["src/cljs" "src/cljc" "env/dev/cljs"]...[0m
[32mSuccessfully compiled "target/cljsbuild/public/js/app.js" in 0.575 seconds.[0m
notifying browser that file changed:  target/cljsbuild/public/js/out/dynamic_ranking/handlers.js
[0mCompiling "target/cljsbuild/public/js/app.js" from ["src/cljs" "src/cljc" "env/dev/cljs"]...[0m
[32mSuccessfully compiled "target/cljsbuild/public/js/app.js" in 0.536 seconds.[0m
notifying browser that file changed:  target/cljsbuild/public/js/out/cljs_deps.js
notifying browser that file changed:  target/cljsbuild/public/js/out/dynamic_ranking/db.js
[0mCompiling "target/cljsbuild/public/js/app.js" from ["src/cljs" "src/cljc" "env/dev/cljs"]...[0m
[32mSuccessfully compiled "target/cljsbuild/public/js/app.js" in 0.574 seconds.[0m
notifying browser that file changed:  target/cljsbuild/public/js/out/cljs_deps.js
notifying browser that file changed:  target/cljsbuild/public/js/out/dynamic_ranking/db.js
[0mCompiling "target/cljsbuild/public/js/app.js" from ["src/cljs" "src/cljc" "env/dev/cljs"]...[0m
[32mSuccessfully compiled "target/cljsbuild/public/js/app.js" in 0.551 seconds.[0m
notifying browser that file changed:  target/cljsbuild/public/js/out/dynamic_ranking/db.js
[0mCompiling "target/cljsbuild/public/js/app.js" from ["src/cljs" "src/cljc" "env/dev/cljs"]...[0m
[36m----  Compiler Warning on   src/cljs/dynamic_ranking/db.cljs   line:7  column:11  ----[0m

  [1mUse of undeclared Var dynamic-ranking.core/init-time[0m

  [36m3[0m  [36m            ))[0m
  [36m4[0m  [36m[0m
  [36m5[0m  [36m(def default-db[0m
  [36m6[0m  [36m  {:page  :home[0m
  [33m7[0m  [1m   :timer core/init-time})[0m
  [0m [0m  [33m          ^--- Use of undeclared Var dynamic-ranking.core/init-time[0m

[36m----  Compiler Warning : Please see src/cljs/dynamic_ranking/db.cljs  ----[0m
[32mSuccessfully compiled "target/cljsbuild/public/js/app.js" in 0.749 seconds.[0m
notifying browser that file changed:  target/cljsbuild/public/js/out/dynamic_ranking/db.js
[0mCompiling "target/cljsbuild/public/js/app.js" from ["src/cljs" "src/cljc" "env/dev/cljs"]...[0m
[32mSuccessfully compiled "target/cljsbuild/public/js/app.js" in 0.521 seconds.[0m
notifying browser that file changed:  target/cljsbuild/public/js/out/dynamic_ranking/core.js
[0mCompiling "target/cljsbuild/public/js/app.js" from ["src/cljs" "src/cljc" "env/dev/cljs"]...[0m
[32mSuccessfully compiled "target/cljsbuild/public/js/app.js" in 0.513 seconds.[0m
notifying browser that file changed:  target/cljsbuild/public/js/out/dynamic_ranking/core.js
[0mCompiling "target/cljsbuild/public/js/app.js" from ["src/cljs" "src/cljc" "env/dev/cljs"]...[0m
[32mSuccessfully compiled "target/cljsbuild/public/js/app.js" in 0.636 seconds.[0m
notifying browser that file changed:  target/cljsbuild/public/js/out/dynamic_ranking/db.js
[0mCompiling "target/cljsbuild/public/js/app.js" from ["src/cljs" "src/cljc" "env/dev/cljs"]...[0m
[32mSuccessfully compiled "target/cljsbuild/public/js/app.js" in 0.673 seconds.[0m
notifying browser that file changed:  target/cljsbuild/public/js/out/dynamic_ranking/core.js
[0mCompiling "target/cljsbuild/public/js/app.js" from ["src/cljs" "src/cljc" "env/dev/cljs"]...[0m
[32mSuccessfully compiled "target/cljsbuild/public/js/app.js" in 0.522 seconds.[0m
notifying browser that file changed:  target/cljsbuild/public/js/out/cljs_deps.js
notifying browser that file changed:  target/cljsbuild/public/js/out/dynamic_ranking/db.js
[0mCompiling "target/cljsbuild/public/js/app.js" from ["src/cljs" "src/cljc" "env/dev/cljs"]...[0m
[32mSuccessfully compiled "target/cljsbuild/public/js/app.js" in 0.586 seconds.[0m
notifying browser that file changed:  target/cljsbuild/public/js/out/dynamic_ranking/db.js
[0mCompiling "target/cljsbuild/public/js/app.js" from ["src/cljs" "src/cljc" "env/dev/cljs"]...[0m
[32mSuccessfully compiled "target/cljsbuild/public/js/app.js" in 0.564 seconds.[0m
notifying browser that file changed:  target/cljsbuild/public/js/out/dynamic_ranking/subscriptions.js
[0mCompiling "target/cljsbuild/public/js/app.js" from ["src/cljs" "src/cljc" "env/dev/cljs"]...[0m
[32mSuccessfully compiled "target/cljsbuild/public/js/app.js" in 0.561 seconds.[0m
notifying browser that file changed:  target/cljsbuild/public/js/out/dynamic_ranking/subscriptions.js
[0mCompiling "target/cljsbuild/public/js/app.js" from ["src/cljs" "src/cljc" "env/dev/cljs"]...[0m
[32mSuccessfully compiled "target/cljsbuild/public/js/app.js" in 0.528 seconds.[0m
notifying browser that file changed:  target/cljsbuild/public/js/out/dynamic_ranking/handlers.js
[0mCompiling "target/cljsbuild/public/js/app.js" from ["src/cljs" "src/cljc" "env/dev/cljs"]...[0m
[32mSuccessfully compiled "target/cljsbuild/public/js/app.js" in 0.524 seconds.[0m
notifying browser that file changed:  target/cljsbuild/public/js/out/dynamic_ranking/core.js
[0mCompiling "target/cljsbuild/public/js/app.js" from ["src/cljs" "src/cljc" "env/dev/cljs"]...[0m
[32mSuccessfully compiled "target/cljsbuild/public/js/app.js" in 0.547 seconds.[0m
notifying browser that file changed:  target/cljsbuild/public/js/out/dynamic_ranking/core.js
[0mCompiling "target/cljsbuild/public/js/app.js" from ["src/cljs" "src/cljc" "env/dev/cljs"]...[0m
[32mSuccessfully compiled "target/cljsbuild/public/js/app.js" in 0.54 seconds.[0m
notifying browser that file changed:  target/cljsbuild/public/js/out/dynamic_ranking/db.js
[0mCompiling "target/cljsbuild/public/js/app.js" from ["src/cljs" "src/cljc" "env/dev/cljs"]...[0m
[32mSuccessfully compiled "target/cljsbuild/public/js/app.js" in 0.545 seconds.[0m
notifying browser that file changed:  target/cljsbuild/public/js/out/dynamic_ranking/handlers.js
[0mCompiling "target/cljsbuild/public/js/app.js" from ["src/cljs" "src/cljc" "env/dev/cljs"]...[0m
[32mSuccessfully compiled "target/cljsbuild/public/js/app.js" in 0.524 seconds.[0m
notifying browser that file changed:  target/cljsbuild/public/js/out/dynamic_ranking/ajax.js
[0mCompiling "target/cljsbuild/public/js/app.js" from ["src/cljs" "src/cljc" "env/dev/cljs"]...[0m
[32mSuccessfully compiled "target/cljsbuild/public/js/app.js" in 0.532 seconds.[0m
notifying browser that file changed:  target/cljsbuild/public/js/out/dynamic_ranking/subscriptions.js
[0mCompiling "target/cljsbuild/public/js/app.js" from ["src/cljs" "src/cljc" "env/dev/cljs"]...[0m
[32mSuccessfully compiled "target/cljsbuild/public/js/app.js" in 0.489 seconds.[0m
notifying browser that file changed:  target/cljsbuild/public/js/out/dynamic_ranking/core.js
[0mCompiling "target/cljsbuild/public/js/app.js" from ["src/cljs" "src/cljc" "env/dev/cljs"]...[0m
[32mSuccessfully compiled "target/cljsbuild/public/js/app.js" in 0.532 seconds.[0m
notifying browser that file changed:  target/cljsbuild/public/js/out/dynamic_ranking/core.js
[0mCompiling "target/cljsbuild/public/js/app.js" from ["src/cljs" "src/cljc" "env/dev/cljs"]...[0m
[32mSuccessfully compiled "target/cljsbuild/public/js/app.js" in 0.52 seconds.[0m
notifying browser that file changed:  target/cljsbuild/public/js/out/dynamic_ranking/core.js
[0mCompiling "target/cljsbuild/public/js/app.js" from ["src/cljs" "src/cljc" "env/dev/cljs"]...[0m
[32mSuccessfully compiled "target/cljsbuild/public/js/app.js" in 0.649 seconds.[0m
notifying browser that file changed:  target/cljsbuild/public/js/out/dynamic_ranking/core.js
[0mCompiling "target/cljsbuild/public/js/app.js" from ["src/cljs" "src/cljc" "env/dev/cljs"]...[0m
[32mSuccessfully compiled "target/cljsbuild/public/js/app.js" in 0.602 seconds.[0m
notifying browser that file changed:  target/cljsbuild/public/js/out/dynamic_ranking/core.js
[0mCompiling "target/cljsbuild/public/js/app.js" from ["src/cljs" "src/cljc" "env/dev/cljs"]...[0m
[32mSuccessfully compiled "target/cljsbuild/public/js/app.js" in 0.546 seconds.[0m
notifying browser that file changed:  target/cljsbuild/public/js/out/dynamic_ranking/core.js
[0mCompiling "target/cljsbuild/public/js/app.js" from ["src/cljs" "src/cljc" "env/dev/cljs"]...[0m
[32mSuccessfully compiled "target/cljsbuild/public/js/app.js" in 0.593 seconds.[0m
notifying browser that file changed:  target/cljsbuild/public/js/out/dynamic_ranking/core.js
[0mCompiling "target/cljsbuild/public/js/app.js" from ["src/cljs" "src/cljc" "env/dev/cljs"]...[0m
[31mFailed to compile "target/cljsbuild/public/js/app.js" in 0.352 seconds.[0m
[36m----  Could not Read  src/cljs/dynamic_ranking/core.cljs   line:54 ----[0m

  [1m/Users/yuzhao/gits/luminus-projects/dynamic-ranking/src/cljs/dynamic_ranking/core.cljs [line 54, col 14] The map literal starting with :id on line 54 column 8 contains 1 form(s). Map literals must contain an even number of forms.[0m

  [36m52[0m  [36m    (doseq [i (range (count rank))][0m
  [36m53[0m  [36m      [:rect[0m
  [33m54[0m  [1m       {:id }])]])[0m
  [0m  [0m  [33m       /Users/yuzhao/gits/luminus-projects/dynamic-ranking/src/cljs/dynamic_ranking/core.cljs [line 54, col 14] The map literal starting with :id on line 54 column 8 contains 1 form(s). Map literals must contain an even number of forms.[0m
  [36m55[0m  [36m[0m
  [36m56[0m  [36m[0m
  [36m57[0m  [36m(defn chart [][0m

[36m----  Reader Error : Please see src/cljs/dynamic_ranking/core.cljs  ----[0m
[0mCompiling "target/cljsbuild/public/js/app.js" from ["src/cljs" "src/cljc" "env/dev/cljs"]...[0m
[32mSuccessfully compiled "target/cljsbuild/public/js/app.js" in 0.599 seconds.[0m
notifying browser that file changed:  target/cljsbuild/public/js/out/dynamic_ranking/core.js
[0mCompiling "target/cljsbuild/public/js/app.js" from ["src/cljs" "src/cljc" "env/dev/cljs"]...[0m
[32mSuccessfully compiled "target/cljsbuild/public/js/app.js" in 0.622 seconds.[0m
notifying browser that file changed:  target/cljsbuild/public/js/out/dynamic_ranking/core.js
[0mCompiling "target/cljsbuild/public/js/app.js" from ["src/cljs" "src/cljc" "env/dev/cljs"]...[0m
[32mSuccessfully compiled "target/cljsbuild/public/js/app.js" in 0.696 seconds.[0m
notifying browser that file changed:  target/cljsbuild/public/js/out/dynamic_ranking/core.js
[0mCompiling "target/cljsbuild/public/js/app.js" from ["src/cljs" "src/cljc" "env/dev/cljs"]...[0m
[32mSuccessfully compiled "target/cljsbuild/public/js/app.js" in 0.543 seconds.[0m
notifying browser that file changed:  target/cljsbuild/public/js/out/dynamic_ranking/core.js
[0mCompiling "target/cljsbuild/public/js/app.js" from ["src/cljs" "src/cljc" "env/dev/cljs"]...[0m
[32mSuccessfully compiled "target/cljsbuild/public/js/app.js" in 0.564 seconds.[0m
notifying browser that file changed:  target/cljsbuild/public/js/out/dynamic_ranking/core.js
[0mCompiling "target/cljsbuild/public/js/app.js" from ["src/cljs" "src/cljc" "env/dev/cljs"]...[0m
[32mSuccessfully compiled "target/cljsbuild/public/js/app.js" in 0.579 seconds.[0m
notifying browser that file changed:  target/cljsbuild/public/js/out/dynamic_ranking/core.js
[0mCompiling "target/cljsbuild/public/js/app.js" from ["src/cljs" "src/cljc" "env/dev/cljs"]...[0m
[32mSuccessfully compiled "target/cljsbuild/public/js/app.js" in 0.788 seconds.[0m
notifying browser that file changed:  target/cljsbuild/public/js/out/dynamic_ranking/core.js
[0mCompiling "target/cljsbuild/public/js/app.js" from ["src/cljs" "src/cljc" "env/dev/cljs"]...[0m
[32mSuccessfully compiled "target/cljsbuild/public/js/app.js" in 0.69 seconds.[0m
notifying browser that file changed:  target/cljsbuild/public/js/out/dynamic_ranking/core.js
[0mCompiling "target/cljsbuild/public/js/app.js" from ["src/cljs" "src/cljc" "env/dev/cljs"]...[0m
[32mSuccessfully compiled "target/cljsbuild/public/js/app.js" in 0.545 seconds.[0m
notifying browser that file changed:  target/cljsbuild/public/js/out/dynamic_ranking/core.js
[0mCompiling "target/cljsbuild/public/js/app.js" from ["src/cljs" "src/cljc" "env/dev/cljs"]...[0m
[32mSuccessfully compiled "target/cljsbuild/public/js/app.js" in 0.644 seconds.[0m
notifying browser that file changed:  target/cljsbuild/public/js/out/dynamic_ranking/core.js
[0mCompiling "target/cljsbuild/public/js/app.js" from ["src/cljs" "src/cljc" "env/dev/cljs"]...[0m
[32mSuccessfully compiled "target/cljsbuild/public/js/app.js" in 0.594 seconds.[0m
notifying browser that file changed:  target/cljsbuild/public/js/out/dynamic_ranking/core.js
[0mCompiling "target/cljsbuild/public/js/app.js" from ["src/cljs" "src/cljc" "env/dev/cljs"]...[0m
[32mSuccessfully compiled "target/cljsbuild/public/js/app.js" in 0.564 seconds.[0m
notifying browser that file changed:  target/cljsbuild/public/js/out/dynamic_ranking/core.js
[0mCompiling "target/cljsbuild/public/js/app.js" from ["src/cljs" "src/cljc" "env/dev/cljs"]...[0m
[32mSuccessfully compiled "target/cljsbuild/public/js/app.js" in 0.622 seconds.[0m
notifying browser that file changed:  target/cljsbuild/public/js/out/dynamic_ranking/core.js
[0mCompiling "target/cljsbuild/public/js/app.js" from ["src/cljs" "src/cljc" "env/dev/cljs"]...[0m
[32mSuccessfully compiled "target/cljsbuild/public/js/app.js" in 0.585 seconds.[0m
notifying browser that file changed:  target/cljsbuild/public/js/out/dynamic_ranking/core.js
[0mCompiling "target/cljsbuild/public/js/app.js" from ["src/cljs" "src/cljc" "env/dev/cljs"]...[0m
[32mSuccessfully compiled "target/cljsbuild/public/js/app.js" in 0.529 seconds.[0m
notifying browser that file changed:  target/cljsbuild/public/js/out/dynamic_ranking/core.js
[0mCompiling "target/cljsbuild/public/js/app.js" from ["src/cljs" "src/cljc" "env/dev/cljs"]...[0m
[32mSuccessfully compiled "target/cljsbuild/public/js/app.js" in 0.606 seconds.[0m
notifying browser that file changed:  target/cljsbuild/public/js/out/dynamic_ranking/core.js
[0mCompiling "target/cljsbuild/public/js/app.js" from ["src/cljs" "src/cljc" "env/dev/cljs"]...[0m
[32mSuccessfully compiled "target/cljsbuild/public/js/app.js" in 0.57 seconds.[0m
notifying browser that file changed:  target/cljsbuild/public/js/out/dynamic_ranking/core.js
[0mCompiling "target/cljsbuild/public/js/app.js" from ["src/cljs" "src/cljc" "env/dev/cljs"]...[0m
[32mSuccessfully compiled "target/cljsbuild/public/js/app.js" in 0.595 seconds.[0m
notifying browser that file changed:  target/cljsbuild/public/js/out/dynamic_ranking/core.js
[0mCompiling "target/cljsbuild/public/js/app.js" from ["src/cljs" "src/cljc" "env/dev/cljs"]...[0m
[32mSuccessfully compiled "target/cljsbuild/public/js/app.js" in 0.565 seconds.[0m
notifying browser that file changed:  target/cljsbuild/public/js/out/dynamic_ranking/core.js
[0mCompiling "target/cljsbuild/public/js/app.js" from ["src/cljs" "src/cljc" "env/dev/cljs"]...[0m
[32mSuccessfully compiled "target/cljsbuild/public/js/app.js" in 0.523 seconds.[0m
notifying browser that file changed:  target/cljsbuild/public/js/out/dynamic_ranking/core.js
[0mCompiling "target/cljsbuild/public/js/app.js" from ["src/cljs" "src/cljc" "env/dev/cljs"]...[0m
[32mSuccessfully compiled "target/cljsbuild/public/js/app.js" in 0.629 seconds.[0m
notifying browser that file changed:  target/cljsbuild/public/js/out/dynamic_ranking/core.js
[0mCompiling "target/cljsbuild/public/js/app.js" from ["src/cljs" "src/cljc" "env/dev/cljs"]...[0m
[32mSuccessfully compiled "target/cljsbuild/public/js/app.js" in 0.61 seconds.[0m
notifying browser that file changed:  target/cljsbuild/public/js/out/dynamic_ranking/core.js
[0mCompiling "target/cljsbuild/public/js/app.js" from ["src/cljs" "src/cljc" "env/dev/cljs"]...[0m
[32mSuccessfully compiled "target/cljsbuild/public/js/app.js" in 0.598 seconds.[0m
notifying browser that file changed:  target/cljsbuild/public/js/out/dynamic_ranking/core.js
[0mCompiling "target/cljsbuild/public/js/app.js" from ["src/cljs" "src/cljc" "env/dev/cljs"]...[0m
[32mSuccessfully compiled "target/cljsbuild/public/js/app.js" in 0.535 seconds.[0m
notifying browser that file changed:  target/cljsbuild/public/js/out/dynamic_ranking/core.js
[0mCompiling "target/cljsbuild/public/js/app.js" from ["src/cljs" "src/cljc" "env/dev/cljs"]...[0m
[32mSuccessfully compiled "target/cljsbuild/public/js/app.js" in 0.513 seconds.[0m
notifying browser that file changed:  target/cljsbuild/public/js/out/dynamic_ranking/core.js
[0mCompiling "target/cljsbuild/public/js/app.js" from ["src/cljs" "src/cljc" "env/dev/cljs"]...[0m
[32mSuccessfully compiled "target/cljsbuild/public/js/app.js" in 0.534 seconds.[0m
notifying browser that file changed:  target/cljsbuild/public/js/out/dynamic_ranking/core.js
[0mCompiling "target/cljsbuild/public/js/app.js" from ["src/cljs" "src/cljc" "env/dev/cljs"]...[0m
[32mSuccessfully compiled "target/cljsbuild/public/js/app.js" in 0.499 seconds.[0m
notifying browser that file changed:  target/cljsbuild/public/js/out/dynamic_ranking/core.js
[0mCompiling "target/cljsbuild/public/js/app.js" from ["src/cljs" "src/cljc" "env/dev/cljs"]...[0m
[32mSuccessfully compiled "target/cljsbuild/public/js/app.js" in 0.516 seconds.[0m
notifying browser that file changed:  target/cljsbuild/public/js/out/dynamic_ranking/core.js
[0mCompiling "target/cljsbuild/public/js/app.js" from ["src/cljs" "src/cljc" "env/dev/cljs"]...[0m
[32mSuccessfully compiled "target/cljsbuild/public/js/app.js" in 0.598 seconds.[0m
notifying browser that file changed:  target/cljsbuild/public/js/out/dynamic_ranking/core.js
[0mCompiling "target/cljsbuild/public/js/app.js" from ["src/cljs" "src/cljc" "env/dev/cljs"]...[0m
[32mSuccessfully compiled "target/cljsbuild/public/js/app.js" in 0.619 seconds.[0m
notifying browser that file changed:  target/cljsbuild/public/js/out/dynamic_ranking/core.js
[0mCompiling "target/cljsbuild/public/js/app.js" from ["src/cljs" "src/cljc" "env/dev/cljs"]...[0m
[32mSuccessfully compiled "target/cljsbuild/public/js/app.js" in 0.528 seconds.[0m
notifying browser that file changed:  target/cljsbuild/public/js/out/dynamic_ranking/core.js
[0mCompiling "target/cljsbuild/public/js/app.js" from ["src/cljs" "src/cljc" "env/dev/cljs"]...[0m
[32mSuccessfully compiled "target/cljsbuild/public/js/app.js" in 0.859 seconds.[0m
notifying browser that file changed:  target/cljsbuild/public/js/out/dynamic_ranking/core.js
[0mCompiling "target/cljsbuild/public/js/app.js" from ["src/cljs" "src/cljc" "env/dev/cljs"]...[0m
[32mSuccessfully compiled "target/cljsbuild/public/js/app.js" in 0.674 seconds.[0m
notifying browser that file changed:  target/cljsbuild/public/js/out/dynamic_ranking/core.js
[0mCompiling "target/cljsbuild/public/js/app.js" from ["src/cljs" "src/cljc" "env/dev/cljs"]...[0m
[32mSuccessfully compiled "target/cljsbuild/public/js/app.js" in 0.608 seconds.[0m
notifying browser that file changed:  target/cljsbuild/public/js/out/dynamic_ranking/core.js
[0mCompiling "target/cljsbuild/public/js/app.js" from ["src/cljs" "src/cljc" "env/dev/cljs"]...[0m
[32mSuccessfully compiled "target/cljsbuild/public/js/app.js" in 0.626 seconds.[0m
notifying browser that file changed:  target/cljsbuild/public/js/out/dynamic_ranking/core.js
[0mCompiling "target/cljsbuild/public/js/app.js" from ["src/cljs" "src/cljc" "env/dev/cljs"]...[0m
[32mSuccessfully compiled "target/cljsbuild/public/js/app.js" in 0.838 seconds.[0m
notifying browser that file changed:  target/cljsbuild/public/js/out/dynamic_ranking/core.js
[0mCompiling "target/cljsbuild/public/js/app.js" from ["src/cljs" "src/cljc" "env/dev/cljs"]...[0m
[32mSuccessfully compiled "target/cljsbuild/public/js/app.js" in 0.638 seconds.[0m
notifying browser that file changed:  target/cljsbuild/public/js/out/dynamic_ranking/core.js
[0mCompiling "target/cljsbuild/public/js/app.js" from ["src/cljs" "src/cljc" "env/dev/cljs"]...[0m
[32mSuccessfully compiled "target/cljsbuild/public/js/app.js" in 0.549 seconds.[0m
notifying browser that file changed:  target/cljsbuild/public/js/out/dynamic_ranking/core.js
[0mCompiling "target/cljsbuild/public/js/app.js" from ["src/cljs" "src/cljc" "env/dev/cljs"]...[0m
[32mSuccessfully compiled "target/cljsbuild/public/js/app.js" in 0.776 seconds.[0m
notifying browser that file changed:  target/cljsbuild/public/js/out/dynamic_ranking/core.js
[0mCompiling "target/cljsbuild/public/js/app.js" from ["src/cljs" "src/cljc" "env/dev/cljs"]...[0m
[32mSuccessfully compiled "target/cljsbuild/public/js/app.js" in 0.616 seconds.[0m
notifying browser that file changed:  target/cljsbuild/public/js/out/dynamic_ranking/core.js
[0mCompiling "target/cljsbuild/public/js/app.js" from ["src/cljs" "src/cljc" "env/dev/cljs"]...[0m
[32mSuccessfully compiled "target/cljsbuild/public/js/app.js" in 0.805 seconds.[0m
notifying browser that file changed:  target/cljsbuild/public/js/out/dynamic_ranking/core.js
[0mCompiling "target/cljsbuild/public/js/app.js" from ["src/cljs" "src/cljc" "env/dev/cljs"]...[0m
[32mSuccessfully compiled "target/cljsbuild/public/js/app.js" in 0.549 seconds.[0m
notifying browser that file changed:  target/cljsbuild/public/js/out/dynamic_ranking/core.js
[0mCompiling "target/cljsbuild/public/js/app.js" from ["src/cljs" "src/cljc" "env/dev/cljs"]...[0m
[32mSuccessfully compiled "target/cljsbuild/public/js/app.js" in 0.63 seconds.[0m
notifying browser that file changed:  target/cljsbuild/public/js/out/dynamic_ranking/core.js
[0mCompiling "target/cljsbuild/public/js/app.js" from ["src/cljs" "src/cljc" "env/dev/cljs"]...[0m
[32mSuccessfully compiled "target/cljsbuild/public/js/app.js" in 0.769 seconds.[0m
notifying browser that file changed:  target/cljsbuild/public/js/out/dynamic_ranking/core.js
[0mCompiling "target/cljsbuild/public/js/app.js" from ["src/cljs" "src/cljc" "env/dev/cljs"]...[0m
[32mSuccessfully compiled "target/cljsbuild/public/js/app.js" in 0.655 seconds.[0m
notifying browser that file changed:  target/cljsbuild/public/js/out/dynamic_ranking/core.js
[0mCompiling "target/cljsbuild/public/js/app.js" from ["src/cljs" "src/cljc" "env/dev/cljs"]...[0m
[31mFailed to compile "target/cljsbuild/public/js/app.js" in 0.353 seconds.[0m
[36m----  Could not Analyze  src/cljs/dynamic_ranking/core.cljs   line:48  column:1  ----[0m

  [1mUnsupported binding form: (clojure.core/deref rank)[0m

  [36m46[0m  [36m             {:__html (md->html docs)}}]])])[0m
  [36m47[0m  [36m[0m
  [33m48[0m  [1m(defn rank-rects [@rank][0m
  [0m  [0m  [33m^--- Unsupported binding form: (clojure.core/deref rank)[0m
  [36m49[0m  [36m  (fn [][0m
  [36m50[0m  [36m    [:g[0m
  [36m51[0m  [36m     (for [i (range (count rank))][0m

[36m----  Analysis Error : Please see src/cljs/dynamic_ranking/core.cljs  ----[0m
[0mCompiling "target/cljsbuild/public/js/app.js" from ["src/cljs" "src/cljc" "env/dev/cljs"]...[0m
[32mSuccessfully compiled "target/cljsbuild/public/js/app.js" in 0.813 seconds.[0m
notifying browser that file changed:  target/cljsbuild/public/js/out/dynamic_ranking/core.js
[0mCompiling "target/cljsbuild/public/js/app.js" from ["src/cljs" "src/cljc" "env/dev/cljs"]...[0m
[32mSuccessfully compiled "target/cljsbuild/public/js/app.js" in 0.658 seconds.[0m
notifying browser that file changed:  target/cljsbuild/public/js/out/dynamic_ranking/core.js
[0mCompiling "target/cljsbuild/public/js/app.js" from ["src/cljs" "src/cljc" "env/dev/cljs"]...[0m
[32mSuccessfully compiled "target/cljsbuild/public/js/app.js" in 0.577 seconds.[0m
notifying browser that file changed:  target/cljsbuild/public/js/out/dynamic_ranking/core.js
[0mCompiling "target/cljsbuild/public/js/app.js" from ["src/cljs" "src/cljc" "env/dev/cljs"]...[0m
[32mSuccessfully compiled "target/cljsbuild/public/js/app.js" in 0.63 seconds.[0m
notifying browser that file changed:  target/cljsbuild/public/js/out/dynamic_ranking/core.js
[0mCompiling "target/cljsbuild/public/js/app.js" from ["src/cljs" "src/cljc" "env/dev/cljs"]...[0m
[32mSuccessfully compiled "target/cljsbuild/public/js/app.js" in 0.581 seconds.[0m
notifying browser that file changed:  target/cljsbuild/public/js/out/dynamic_ranking/core.js
[0mCompiling "target/cljsbuild/public/js/app.js" from ["src/cljs" "src/cljc" "env/dev/cljs"]...[0m
[36m----  Compiler Warning on   src/cljs/dynamic_ranking/core.cljs   line:52  column:16  ----[0m

  [1mUse of undeclared Var dynamic-ranking.core/i[0m

  [36m48[0m  [36m(defn rank-rects [][0m
  [36m49[0m  [36m  (let [rank (rf/subscribe [:rank])][0m
  [36m50[0m  [36m    (fn [][0m
  [36m51[0m  [36m      [:g[0m
  [33m52[0m  [1m       (doall [i (range (count @rank))][0m
  [0m  [0m  [33m               ^--- Use of undeclared Var dynamic-ranking.core/i[0m
  [36m53[0m  [36m              (let [r (get @rank i)][0m
  [36m54[0m  [36m                ^{:key (str "rank-rect-" r)}[0m
  [36m55[0m  [36m                [:rect[0m
  [36m56[0m  [36m                 {:id     r[0m
  [36m57[0m  [36m                  :x      20[0m

[36m----  Compiler Warning : Please see src/cljs/dynamic_ranking/core.cljs  ----[0m
[36m----  Compiler Warning on   src/cljs/dynamic_ranking/core.cljs   line:53  column:34  ----[0m

  [1mUse of undeclared Var dynamic-ranking.core/i[0m

  [36m49[0m  [36m(let [rank (rf/subscribe [:rank])][0m
  [36m50[0m  [36m  (fn [][0m
  [36m51[0m  [36m    [:g[0m
  [36m52[0m  [36m     (doall [i (range (count @rank))][0m
  [33m53[0m  [1m            (let [r (get @rank i)][0m
  [0m  [0m  [33m                               ^--- Use of undeclared Var dynamic-ranking.core/i[0m
  [36m54[0m  [36m              ^{:key (str "rank-rect-" r)}[0m
  [36m55[0m  [36m              [:rect[0m
  [36m56[0m  [36m               {:id     r[0m
  [36m57[0m  [36m                :x      20[0m
  [36m58[0m  [36m                :y      (+ 20 (* i 30))[0m

[36m----  Compiler Warning : Please see src/cljs/dynamic_ranking/core.cljs  ----[0m
[36m----  Compiler Warning on   src/cljs/dynamic_ranking/core.cljs   line:58  column:36  ----[0m

  [1mUse of undeclared Var dynamic-ranking.core/i[0m

  [36m54[0m  [36m                ^{:key (str "rank-rect-" r)}[0m
  [36m55[0m  [36m                [:rect[0m
  [36m56[0m  [36m                 {:id     r[0m
  [36m57[0m  [36m                  :x      20[0m
  [33m58[0m  [1m                  :y      (+ 20 (* i 30))[0m
  [0m  [0m  [33m                                   ^--- Use of undeclared Var dynamic-ranking.core/i[0m
  [36m59[0m  [36m                  :height 20[0m
  [36m60[0m  [36m                  :width  (* 20 (inc r))[0m
  [36m61[0m  [36m                  :style  {:stroke "#006" :fill "#060"}}]))])))[0m
  [36m62[0m  [36m[0m
  [36m63[0m  [36m(defn dynamic-rank [][0m

[36m----  Compiler Warning : Please see src/cljs/dynamic_ranking/core.cljs  ----[0m
[32mSuccessfully compiled "target/cljsbuild/public/js/app.js" in 0.79 seconds.[0m
notifying browser that file changed:  target/cljsbuild/public/js/out/dynamic_ranking/core.js
[0mCompiling "target/cljsbuild/public/js/app.js" from ["src/cljs" "src/cljc" "env/dev/cljs"]...[0m
[32mSuccessfully compiled "target/cljsbuild/public/js/app.js" in 0.568 seconds.[0m
notifying browser that file changed:  target/cljsbuild/public/js/out/dynamic_ranking/core.js
[0mCompiling "target/cljsbuild/public/js/app.js" from ["src/cljs" "src/cljc" "env/dev/cljs"]...[0m
[32mSuccessfully compiled "target/cljsbuild/public/js/app.js" in 0.556 seconds.[0m
notifying browser that file changed:  target/cljsbuild/public/js/out/dynamic_ranking/core.js
[0mCompiling "target/cljsbuild/public/js/app.js" from ["src/cljs" "src/cljc" "env/dev/cljs"]...[0m
[32mSuccessfully compiled "target/cljsbuild/public/js/app.js" in 0.812 seconds.[0m
notifying browser that file changed:  target/cljsbuild/public/js/out/dynamic_ranking/core.js
[0mCompiling "target/cljsbuild/public/js/app.js" from ["src/cljs" "src/cljc" "env/dev/cljs"]...[0m
[32mSuccessfully compiled "target/cljsbuild/public/js/app.js" in 0.892 seconds.[0m
notifying browser that file changed:  target/cljsbuild/public/js/out/dynamic_ranking/core.js
[0mCompiling "target/cljsbuild/public/js/app.js" from ["src/cljs" "src/cljc" "env/dev/cljs"]...[0m
[32mSuccessfully compiled "target/cljsbuild/public/js/app.js" in 0.758 seconds.[0m
notifying browser that file changed:  target/cljsbuild/public/js/out/dynamic_ranking/core.js
[0mCompiling "target/cljsbuild/public/js/app.js" from ["src/cljs" "src/cljc" "env/dev/cljs"]...[0m
[32mSuccessfully compiled "target/cljsbuild/public/js/app.js" in 0.641 seconds.[0m
notifying browser that file changed:  target/cljsbuild/public/js/out/dynamic_ranking/core.js
[0mCompiling "target/cljsbuild/public/js/app.js" from ["src/cljs" "src/cljc" "env/dev/cljs"]...[0m
[32mSuccessfully compiled "target/cljsbuild/public/js/app.js" in 0.539 seconds.[0m
notifying browser that file changed:  target/cljsbuild/public/js/out/dynamic_ranking/core.js
[0mCompiling "target/cljsbuild/public/js/app.js" from ["src/cljs" "src/cljc" "env/dev/cljs"]...[0m
[32mSuccessfully compiled "target/cljsbuild/public/js/app.js" in 0.646 seconds.[0m
notifying browser that file changed:  target/cljsbuild/public/js/out/dynamic_ranking/core.js
Notifying browser that CSS file changed: resources/public/css/screen.css
Notifying browser that CSS file changed: resources/public/css/screen.css
[0mCompiling "target/cljsbuild/public/js/app.js" from ["src/cljs" "src/cljc" "env/dev/cljs"]...[0m
[32mSuccessfully compiled "target/cljsbuild/public/js/app.js" in 1.269 seconds.[0m
notifying browser that file changed:  target/cljsbuild/public/js/out/dynamic_ranking/core.js
[0mCompiling "target/cljsbuild/public/js/app.js" from ["src/cljs" "src/cljc" "env/dev/cljs"]...[0m
[32mSuccessfully compiled "target/cljsbuild/public/js/app.js" in 0.936 seconds.[0m
notifying browser that file changed:  target/cljsbuild/public/js/out/dynamic_ranking/db.js
[0mCompiling "target/cljsbuild/public/js/app.js" from ["src/cljs" "src/cljc" "env/dev/cljs"]...[0m
[36m----  Compiler Warning on   src/cljs/dynamic_ranking/db.cljs   line:12  column:17  ----[0m

  [1mUse of undeclared Var dynamic-ranking.db/ranks[0m

  [36m 9[0m  [36m(def default-db[0m
  [36m10[0m  [36m  {:page :home[0m
  [36m11[0m  [36m   :time init-time[0m
  [33m12[0m  [1m   :rank (first ranks)})[0m
  [0m  [0m  [33m                ^--- Use of undeclared Var dynamic-ranking.db/ranks[0m

[36m----  Compiler Warning : Please see src/cljs/dynamic_ranking/db.cljs  ----[0m
[36m----  Compiler Warning on   src/cljs/dynamic_ranking/handlers.cljs   line:25  column:22  ----[0m

  [1mUse of undeclared Var dynamic-ranking.db/ranks[0m

  [36m21[0m  [36m:set-time[0m
  [36m22[0m  [36m(fn [db [_ time]][0m
  [36m23[0m  [36m  (assoc db[0m
  [36m24[0m  [36m         :time time[0m
  [33m25[0m  [1m         :rank (nth db/ranks (- time db/init-time)))))[0m
  [0m  [0m  [33m                    ^--- Use of undeclared Var dynamic-ranking.db/ranks[0m

[36m----  Compiler Warning : Please see src/cljs/dynamic_ranking/handlers.cljs  ----[0m
[32mSuccessfully compiled "target/cljsbuild/public/js/app.js" in 0.986 seconds.[0m
notifying browser that file changed:  target/cljsbuild/public/js/out/dynamic_ranking/db.js
[0mCompiling "target/cljsbuild/public/js/app.js" from ["src/cljs" "src/cljc" "env/dev/cljs"]...[0m
[32mSuccessfully compiled "target/cljsbuild/public/js/app.js" in 0.539 seconds.[0m
notifying browser that file changed:  target/cljsbuild/public/js/out/dynamic_ranking/handlers.js
[0mCompiling "target/cljsbuild/public/js/app.js" from ["src/cljs" "src/cljc" "env/dev/cljs"]...[0m
[32mSuccessfully compiled "target/cljsbuild/public/js/app.js" in 0.609 seconds.[0m
notifying browser that file changed:  target/cljsbuild/public/js/out/dynamic_ranking/handlers.js
[0mCompiling "target/cljsbuild/public/js/app.js" from ["src/cljs" "src/cljc" "env/dev/cljs"]...[0m
[32mSuccessfully compiled "target/cljsbuild/public/js/app.js" in 0.571 seconds.[0m
notifying browser that file changed:  target/cljsbuild/public/js/out/dynamic_ranking/handlers.js
[0mCompiling "target/cljsbuild/public/js/app.js" from ["src/cljs" "src/cljc" "env/dev/cljs"]...[0m
[32mSuccessfully compiled "target/cljsbuild/public/js/app.js" in 0.534 seconds.[0m
notifying browser that file changed:  target/cljsbuild/public/js/out/dynamic_ranking/db.js
[0mCompiling "target/cljsbuild/public/js/app.js" from ["src/cljs" "src/cljc" "env/dev/cljs"]...[0m
[32mSuccessfully compiled "target/cljsbuild/public/js/app.js" in 0.546 seconds.[0m
notifying browser that file changed:  target/cljsbuild/public/js/out/dynamic_ranking/handlers.js
[0mCompiling "target/cljsbuild/public/js/app.js" from ["src/cljs" "src/cljc" "env/dev/cljs"]...[0m
[32mSuccessfully compiled "target/cljsbuild/public/js/app.js" in 0.7 seconds.[0m
notifying browser that file changed:  target/cljsbuild/public/js/out/dynamic_ranking/handlers.js
[0mCompiling "target/cljsbuild/public/js/app.js" from ["src/cljs" "src/cljc" "env/dev/cljs"]...[0m
[32mSuccessfully compiled "target/cljsbuild/public/js/app.js" in 0.735 seconds.[0m
notifying browser that file changed:  target/cljsbuild/public/js/out/dynamic_ranking/core.js
[0mCompiling "target/cljsbuild/public/js/app.js" from ["src/cljs" "src/cljc" "env/dev/cljs"]...[0m
[32mSuccessfully compiled "target/cljsbuild/public/js/app.js" in 0.744 seconds.[0m
notifying browser that file changed:  target/cljsbuild/public/js/out/dynamic_ranking/core.js
[0mCompiling "target/cljsbuild/public/js/app.js" from ["src/cljs" "src/cljc" "env/dev/cljs"]...[0m
[32mSuccessfully compiled "target/cljsbuild/public/js/app.js" in 1.568 seconds.[0m
notifying browser that file changed:  target/cljsbuild/public/js/out/goog/deps.js
notifying browser that file changed:  target/cljsbuild/public/js/out/cljs_deps.js
notifying browser that file changed:  target/cljsbuild/public/js/out/dynamic_ranking/core.js
[0mCompiling "target/cljsbuild/public/js/app.js" from ["src/cljs" "src/cljc" "env/dev/cljs"]...[0m
[32mSuccessfully compiled "target/cljsbuild/public/js/app.js" in 1.324 seconds.[0m
notifying browser that file changed:  target/cljsbuild/public/js/out/dynamic_ranking/handlers.js
[0mCompiling "target/cljsbuild/public/js/app.js" from ["src/cljs" "src/cljc" "env/dev/cljs"]...[0m
[32mSuccessfully compiled "target/cljsbuild/public/js/app.js" in 29.861 seconds.[0m
notifying browser that file changed:  target/cljsbuild/public/js/out/dynamic_ranking/core.js
[0mCompiling "target/cljsbuild/public/js/app.js" from ["src/cljs" "src/cljc" "env/dev/cljs"]...[0m
[32mSuccessfully compiled "target/cljsbuild/public/js/app.js" in 1.677 seconds.[0m
notifying browser that file changed:  target/cljsbuild/public/js/out/dynamic_ranking/core.js
[0mCompiling "target/cljsbuild/public/js/app.js" from ["src/cljs" "src/cljc" "env/dev/cljs"]...[0m
[32mSuccessfully compiled "target/cljsbuild/public/js/app.js" in 1.27 seconds.[0m
notifying browser that file changed:  target/cljsbuild/public/js/out/dynamic_ranking/core.js
[0mCompiling "target/cljsbuild/public/js/app.js" from ["src/cljs" "src/cljc" "env/dev/cljs"]...[0m
[32mSuccessfully compiled "target/cljsbuild/public/js/app.js" in 0.85 seconds.[0m
notifying browser that file changed:  target/cljsbuild/public/js/out/dynamic_ranking/core.js
[0mCompiling "target/cljsbuild/public/js/app.js" from ["src/cljs" "src/cljc" "env/dev/cljs"]...[0m
[32mSuccessfully compiled "target/cljsbuild/public/js/app.js" in 0.823 seconds.[0m
notifying browser that file changed:  target/cljsbuild/public/js/out/dynamic_ranking/core.js
[0mCompiling "target/cljsbuild/public/js/app.js" from ["src/cljs" "src/cljc" "env/dev/cljs"]...[0m
[32mSuccessfully compiled "target/cljsbuild/public/js/app.js" in 0.884 seconds.[0m
notifying browser that file changed:  target/cljsbuild/public/js/out/dynamic_ranking/core.js
[0mCompiling "target/cljsbuild/public/js/app.js" from ["src/cljs" "src/cljc" "env/dev/cljs"]...[0m
[32mSuccessfully compiled "target/cljsbuild/public/js/app.js" in 0.96 seconds.[0m
notifying browser that file changed:  target/cljsbuild/public/js/out/dynamic_ranking/core.js
Notifying browser that CSS file changed: resources/public/css/screen.css
Notifying browser that CSS file changed: resources/public/css/screen.css
Notifying browser that CSS file changed: resources/public/css/screen.css
[0mCompiling "target/cljsbuild/public/js/app.js" from ["src/cljs" "src/cljc" "env/dev/cljs"]...[0m
[32mSuccessfully compiled "target/cljsbuild/public/js/app.js" in 1.087 seconds.[0m
notifying browser that file changed:  target/cljsbuild/public/js/out/dynamic_ranking/core.js
Notifying browser that CSS file changed: resources/public/css/screen.css
Notifying browser that CSS file changed: resources/public/css/screen.css
[0mCompiling "target/cljsbuild/public/js/app.js" from ["src/cljs" "src/cljc" "env/dev/cljs"]...[0m
[32mSuccessfully compiled "target/cljsbuild/public/js/app.js" in 0.685 seconds.[0m
notifying browser that file changed:  target/cljsbuild/public/js/out/dynamic_ranking/core.js
[0mCompiling "target/cljsbuild/public/js/app.js" from ["src/cljs" "src/cljc" "env/dev/cljs"]...[0m
[32mSuccessfully compiled "target/cljsbuild/public/js/app.js" in 0.705 seconds.[0m
notifying browser that file changed:  target/cljsbuild/public/js/out/dynamic_ranking/core.js
Notifying browser that CSS file changed: resources/public/css/screen.css
Notifying browser that CSS file changed: resources/public/css/screen.css
Notifying browser that CSS file changed: resources/public/css/screen.css
Notifying browser that CSS file changed: resources/public/css/screen.css
Notifying browser that CSS file changed: resources/public/css/screen.css
Notifying browser that CSS file changed: resources/public/css/screen.css
Notifying browser that CSS file changed: resources/public/css/screen.css
Notifying browser that CSS file changed: resources/public/css/screen.css
Notifying browser that CSS file changed: resources/public/css/screen.css
[0mCompiling "target/cljsbuild/public/js/app.js" from ["src/cljs" "src/cljc" "env/dev/cljs"]...[0m
[32mSuccessfully compiled "target/cljsbuild/public/js/app.js" in 1.02 seconds.[0m
notifying browser that file changed:  target/cljsbuild/public/js/out/dynamic_ranking/core.js
Notifying browser that CSS file changed: resources/public/css/screen.css
[0mCompiling "target/cljsbuild/public/js/app.js" from ["src/cljs" "src/cljc" "env/dev/cljs"]...[0m
[32mSuccessfully compiled "target/cljsbuild/public/js/app.js" in 1.624 seconds.[0m
notifying browser that file changed:  target/cljsbuild/public/js/out/dynamic_ranking/core.js
[0mCompiling "target/cljsbuild/public/js/app.js" from ["src/cljs" "src/cljc" "env/dev/cljs"]...[0m
[32mSuccessfully compiled "target/cljsbuild/public/js/app.js" in 1.467 seconds.[0m
notifying browser that file changed:  target/cljsbuild/public/js/out/dynamic_ranking/core.js
Notifying browser that CSS file changed: resources/public/css/screen.css
Notifying browser that CSS file changed: resources/public/css/screen.css
[0mCompiling "target/cljsbuild/public/js/app.js" from ["src/cljs" "src/cljc" "env/dev/cljs"]...[0m
[32mSuccessfully compiled "target/cljsbuild/public/js/app.js" in 2.249 seconds.[0m
notifying browser that file changed:  target/cljsbuild/public/js/out/dynamic_ranking/core.js
[0mCompiling "target/cljsbuild/public/js/app.js" from ["src/cljs" "src/cljc" "env/dev/cljs"]...[0m
[32mSuccessfully compiled "target/cljsbuild/public/js/app.js" in 1.488 seconds.[0m
notifying browser that file changed:  target/cljsbuild/public/js/out/dynamic_ranking/core.js
Notifying browser that CSS file changed: resources/public/css/screen.css
[0mCompiling "target/cljsbuild/public/js/app.js" from ["src/cljs" "src/cljc" "env/dev/cljs"]...[0m
[32mSuccessfully compiled "target/cljsbuild/public/js/app.js" in 1.394 seconds.[0m
notifying browser that file changed:  target/cljsbuild/public/js/out/dynamic_ranking/core.js
[0mCompiling "target/cljsbuild/public/js/app.js" from ["src/cljs" "src/cljc" "env/dev/cljs"]...[0m
[32mSuccessfully compiled "target/cljsbuild/public/js/app.js" in 0.895 seconds.[0m
notifying browser that file changed:  target/cljsbuild/public/js/out/dynamic_ranking/core.js
[0mCompiling "target/cljsbuild/public/js/app.js" from ["src/cljs" "src/cljc" "env/dev/cljs"]...[0m
[32mSuccessfully compiled "target/cljsbuild/public/js/app.js" in 0.759 seconds.[0m
notifying browser that file changed:  target/cljsbuild/public/js/out/dynamic_ranking/core.js
[0mCompiling "target/cljsbuild/public/js/app.js" from ["src/cljs" "src/cljc" "env/dev/cljs"]...[0m
[32mSuccessfully compiled "target/cljsbuild/public/js/app.js" in 0.752 seconds.[0m
notifying browser that file changed:  target/cljsbuild/public/js/out/dynamic_ranking/core.js
[0mCompiling "target/cljsbuild/public/js/app.js" from ["src/cljs" "src/cljc" "env/dev/cljs"]...[0m
[32mSuccessfully compiled "target/cljsbuild/public/js/app.js" in 1.061 seconds.[0m
notifying browser that file changed:  target/cljsbuild/public/js/out/dynamic_ranking/core.js
[0mCompiling "target/cljsbuild/public/js/app.js" from ["src/cljs" "src/cljc" "env/dev/cljs"]...[0m
[32mSuccessfully compiled "target/cljsbuild/public/js/app.js" in 0.655 seconds.[0m
notifying browser that file changed:  target/cljsbuild/public/js/out/dynamic_ranking/core.js
[0mCompiling "target/cljsbuild/public/js/app.js" from ["src/cljs" "src/cljc" "env/dev/cljs"]...[0m
[32mSuccessfully compiled "target/cljsbuild/public/js/app.js" in 0.717 seconds.[0m
notifying browser that file changed:  target/cljsbuild/public/js/out/dynamic_ranking/core.js
[0mCompiling "target/cljsbuild/public/js/app.js" from ["src/cljs" "src/cljc" "env/dev/cljs"]...[0m
[32mSuccessfully compiled "target/cljsbuild/public/js/app.js" in 1.994 seconds.[0m
notifying browser that file changed:  target/cljsbuild/public/js/out/dynamic_ranking/core.js
[0mCompiling "target/cljsbuild/public/js/app.js" from ["src/cljs" "src/cljc" "env/dev/cljs"]...[0m
[36m----  Compiler Warning on   src/cljs/dynamic_ranking/handlers.cljs   line:25  column:22  ----[0m

  [1mUse of undeclared Var dynamic-ranking.db/ranks[0m

  [36m21[0m  [36m:set-time[0m
  [36m22[0m  [36m(fn [db [_ time]][0m
  [36m23[0m  [36m  (assoc db[0m
  [36m24[0m  [36m         :time time[0m
  [33m25[0m  [1m         :rank (nth db/ranks (mod (- time db/init-time) 100)))))[0m
  [0m  [0m  [33m                    ^--- Use of undeclared Var dynamic-ranking.db/ranks[0m

[36m----  Compiler Warning : Please see src/cljs/dynamic_ranking/handlers.cljs  ----[0m
[32mSuccessfully compiled "target/cljsbuild/public/js/app.js" in 0.784 seconds.[0m
notifying browser that file changed:  target/cljsbuild/public/js/out/dynamic_ranking/db.js
[0mCompiling "target/cljsbuild/public/js/app.js" from ["src/cljs" "src/cljc" "env/dev/cljs"]...[0m
[32mSuccessfully compiled "target/cljsbuild/public/js/app.js" in 0.553 seconds.[0m
notifying browser that file changed:  target/cljsbuild/public/js/out/dynamic_ranking/subscriptions.js
[0mCompiling "target/cljsbuild/public/js/app.js" from ["src/cljs" "src/cljc" "env/dev/cljs"]...[0m
[32mSuccessfully compiled "target/cljsbuild/public/js/app.js" in 0.781 seconds.[0m
notifying browser that file changed:  target/cljsbuild/public/js/out/dynamic_ranking/handlers.js
[0mCompiling "target/cljsbuild/public/js/app.js" from ["src/cljs" "src/cljc" "env/dev/cljs"]...[0m
[32mSuccessfully compiled "target/cljsbuild/public/js/app.js" in 0.54 seconds.[0m
notifying browser that file changed:  target/cljsbuild/public/js/out/dynamic_ranking/core.js
[0mCompiling "target/cljsbuild/public/js/app.js" from ["src/cljs" "src/cljc" "env/dev/cljs"]...[0m
[32mSuccessfully compiled "target/cljsbuild/public/js/app.js" in 0.611 seconds.[0m
notifying browser that file changed:  target/cljsbuild/public/js/out/dynamic_ranking/core.js
[0mCompiling "target/cljsbuild/public/js/app.js" from ["src/cljs" "src/cljc" "env/dev/cljs"]...[0m
[32mSuccessfully compiled "target/cljsbuild/public/js/app.js" in 0.609 seconds.[0m
notifying browser that file changed:  target/cljsbuild/public/js/out/dynamic_ranking/core.js
[0mCompiling "target/cljsbuild/public/js/app.js" from ["src/cljs" "src/cljc" "env/dev/cljs"]...[0m
[32mSuccessfully compiled "target/cljsbuild/public/js/app.js" in 0.651 seconds.[0m
notifying browser that file changed:  target/cljsbuild/public/js/out/dynamic_ranking/core.js
[0mCompiling "target/cljsbuild/public/js/app.js" from ["src/cljs" "src/cljc" "env/dev/cljs"]...[0m
[32mSuccessfully compiled "target/cljsbuild/public/js/app.js" in 0.645 seconds.[0m
notifying browser that file changed:  target/cljsbuild/public/js/out/dynamic_ranking/core.js
[0mCompiling "target/cljsbuild/public/js/app.js" from ["src/cljs" "src/cljc" "env/dev/cljs"]...[0m
[32mSuccessfully compiled "target/cljsbuild/public/js/app.js" in 0.558 seconds.[0m
notifying browser that file changed:  target/cljsbuild/public/js/out/dynamic_ranking/core.js
[0mCompiling "target/cljsbuild/public/js/app.js" from ["src/cljs" "src/cljc" "env/dev/cljs"]...[0m
[32mSuccessfully compiled "target/cljsbuild/public/js/app.js" in 0.561 seconds.[0m
notifying browser that file changed:  target/cljsbuild/public/js/out/dynamic_ranking/core.js
[0mCompiling "target/cljsbuild/public/js/app.js" from ["src/cljs" "src/cljc" "env/dev/cljs"]...[0m
[32mSuccessfully compiled "target/cljsbuild/public/js/app.js" in 0.543 seconds.[0m
notifying browser that file changed:  target/cljsbuild/public/js/out/dynamic_ranking/core.js
[0mCompiling "target/cljsbuild/public/js/app.js" from ["src/cljs" "src/cljc" "env/dev/cljs"]...[0m
[32mSuccessfully compiled "target/cljsbuild/public/js/app.js" in 0.873 seconds.[0m
notifying browser that file changed:  target/cljsbuild/public/js/out/dynamic_ranking/core.js
[0mCompiling "target/cljsbuild/public/js/app.js" from ["src/cljs" "src/cljc" "env/dev/cljs"]...[0m
[32mSuccessfully compiled "target/cljsbuild/public/js/app.js" in 1.218 seconds.[0m
notifying browser that file changed:  target/cljsbuild/public/js/out/dynamic_ranking/core.js
[0mCompiling "target/cljsbuild/public/js/app.js" from ["src/cljs" "src/cljc" "env/dev/cljs"]...[0m
[36m----  Compiler Warning on   src/cljs/dynamic_ranking/core.cljs   line:57  column:36  ----[0m

  [1mUse of undeclared Var dynamic-ranking.core/i[0m

  [36m53[0m  [36m        (for [r rank][0m
  [36m54[0m  [36m          ^{:key (.indexOf rank r)}[0m
  [36m55[0m  [36m          [:div.canvas-rect[0m
  [36m56[0m  [36m           {:style {:width (str (* 20 (inc r)) "px")[0m
  [33m57[0m  [1m                    :top   (str (* i 30) "px")}}[0m
  [0m  [0m  [33m                                   ^--- Use of undeclared Var dynamic-ranking.core/i[0m
  [36m58[0m  [36m           ])))]))[0m
  [36m59[0m  [36m[0m
  [36m60[0m  [36m(defn chart [][0m
  [36m61[0m  [36m  (let [time @(rf/subscribe [:time])][0m
  [36m62[0m  [36m    [:div[0m

[36m----  Compiler Warning : Please see src/cljs/dynamic_ranking/core.cljs  ----[0m
[36m----  Compiler Warning on   src/cljs/dynamic_ranking/core.cljs   line:57  column:36  ----[0m

  [1mUse of undeclared Var dynamic-ranking.core/i[0m

  [36m53[0m  [36m        (for [r rank][0m
  [36m54[0m  [36m          ^{:key (.indexOf rank r)}[0m
  [36m55[0m  [36m          [:div.canvas-rect[0m
  [36m56[0m  [36m           {:style {:width (str (* 20 (inc r)) "px")[0m
  [33m57[0m  [1m                    :top   (str (* i 30) "px")}}[0m
  [0m  [0m  [33m                                   ^--- Use of undeclared Var dynamic-ranking.core/i[0m
  [36m58[0m  [36m           ])))]))[0m
  [36m59[0m  [36m[0m
  [36m60[0m  [36m(defn chart [][0m
  [36m61[0m  [36m  (let [time @(rf/subscribe [:time])][0m
  [36m62[0m  [36m    [:div[0m

[36m----  Compiler Warning : Please see src/cljs/dynamic_ranking/core.cljs  ----[0m
[32mSuccessfully compiled "target/cljsbuild/public/js/app.js" in 0.771 seconds.[0m
notifying browser that file changed:  target/cljsbuild/public/js/out/dynamic_ranking/core.js
[0mCompiling "target/cljsbuild/public/js/app.js" from ["src/cljs" "src/cljc" "env/dev/cljs"]...[0m
[32mSuccessfully compiled "target/cljsbuild/public/js/app.js" in 0.542 seconds.[0m
notifying browser that file changed:  target/cljsbuild/public/js/out/dynamic_ranking/core.js
[0mCompiling "target/cljsbuild/public/js/app.js" from ["src/cljs" "src/cljc" "env/dev/cljs"]...[0m
[32mSuccessfully compiled "target/cljsbuild/public/js/app.js" in 0.678 seconds.[0m
notifying browser that file changed:  target/cljsbuild/public/js/out/dynamic_ranking/core.js
